Determining if the pthread_create exist failed with the following output:
Change Dir: /home/craig/PCL_READ/build/CMakeFiles/CMakeTmp

Run Build Command:"/usr/bin/make" "cmTC_f977a/fast"
/usr/bin/make -f CMakeFiles/cmTC_f977a.dir/build.make CMakeFiles/cmTC_f977a.dir/build
make[1]: Entering directory '/home/craig/PCL_READ/build/CMakeFiles/CMakeTmp'
Building C object CMakeFiles/cmTC_f977a.dir/CheckSymbolExists.c.o
/usr/bin/cc    -o CMakeFiles/cmTC_f977a.dir/CheckSymbolExists.c.o   -c /home/craig/PCL_READ/build/CMakeFiles/CMakeTmp/CheckSymbolExists.c
Linking C executable cmTC_f977a
/home/craig/.local/lib/python3.6/site-packages/cmake/data/bin/cmake -E cmake_link_script CMakeFiles/cmTC_f977a.dir/link.txt --verbose=1
/usr/bin/cc      -rdynamic CMakeFiles/cmTC_f977a.dir/CheckSymbolExists.c.o  -o cmTC_f977a 
CMakeFiles/cmTC_f977a.dir/CheckSymbolExists.c.o: In function `main':
CheckSymbolExists.c:(.text+0x1b): undefined reference to `pthread_create'
collect2: error: ld returned 1 exit status
CMakeFiles/cmTC_f977a.dir/build.make:86: recipe for target 'cmTC_f977a' failed
make[1]: *** [cmTC_f977a] Error 1
make[1]: Leaving directory '/home/craig/PCL_READ/build/CMakeFiles/CMakeTmp'
Makefile:121: recipe for target 'cmTC_f977a/fast' failed
make: *** [cmTC_f977a/fast] Error 2

File /home/craig/PCL_READ/build/CMakeFiles/CMakeTmp/CheckSymbolExists.c:
/* */
#include <pthread.h>

int main(int argc, char** argv)
{
  (void)argv;
#ifndef pthread_create
  return ((int*)(&pthread_create))[argc];
#else
  (void)argc;
  return 0;
#endif
}

Determining if the function pthread_create exists in the pthreads failed with the following output:
Change Dir: /home/craig/PCL_READ/build/CMakeFiles/CMakeTmp

Run Build Command:"/usr/bin/make" "cmTC_1f2b9/fast"
/usr/bin/make -f CMakeFiles/cmTC_1f2b9.dir/build.make CMakeFiles/cmTC_1f2b9.dir/build
make[1]: Entering directory '/home/craig/PCL_READ/build/CMakeFiles/CMakeTmp'
Building C object CMakeFiles/cmTC_1f2b9.dir/CheckFunctionExists.c.o
/usr/bin/cc   -DCHECK_FUNCTION_EXISTS=pthread_create   -o CMakeFiles/cmTC_1f2b9.dir/CheckFunctionExists.c.o   -c /home/craig/.local/lib/python3.6/site-packages/cmake/data/share/cmake-3.13/Modules/CheckFunctionExists.c
Linking C executable cmTC_1f2b9
/home/craig/.local/lib/python3.6/site-packages/cmake/data/bin/cmake -E cmake_link_script CMakeFiles/cmTC_1f2b9.dir/link.txt --verbose=1
/usr/bin/cc  -DCHECK_FUNCTION_EXISTS=pthread_create    -rdynamic CMakeFiles/cmTC_1f2b9.dir/CheckFunctionExists.c.o  -o cmTC_1f2b9 -lpthreads 
/usr/bin/ld: cannot find -lpthreads
collect2: error: ld returned 1 exit status
CMakeFiles/cmTC_1f2b9.dir/build.make:86: recipe for target 'cmTC_1f2b9' failed
make[1]: *** [cmTC_1f2b9] Error 1
make[1]: Leaving directory '/home/craig/PCL_READ/build/CMakeFiles/CMakeTmp'
Makefile:121: recipe for target 'cmTC_1f2b9/fast' failed
make: *** [cmTC_1f2b9/fast] Error 2


